d:\unreal\training_bull_cow\bullcowgame_02\bullcowgame\debug\fbullcowgame.nativecodeanalysis.xml
d:\unreal\training_bull_cow\bullcowgame_02\bullcowgame\debug\main.nativecodeanalysis.xml
d:\unreal\training_bull_cow\bullcowgame_02\bullcowgame\debug\vc141.pdb
d:\unreal\training_bull_cow\bullcowgame_02\bullcowgame\debug\vc141.idb
d:\unreal\training_bull_cow\bullcowgame_02\bullcowgame\debug\main.obj
d:\unreal\training_bull_cow\bullcowgame_02\bullcowgame\debug\fbullcowgame.obj
d:\unreal\training_bull_cow\bullcowgame_02\bullcowgame\debug\nativecodeanalysis.read.1.tlog
d:\unreal\training_bull_cow\bullcowgame_02\bullcowgame\debug\vc.nativecodeanalysis.all.xml
d:\unreal\training_bull_cow\bullcowgame_02\debug\bullcowgame.pdb
d:\unreal\training_bull_cow\bullcowgame_02\debug\bullcowgame.exe.lastcodeanalysissucceeded
d:\unreal\training_bull_cow\bullcowgame_02\bullcowgame\debug\bullcowgame.tlog\cl.command.1.tlog
d:\unreal\training_bull_cow\bullcowgame_02\bullcowgame\debug\bullcowgame.tlog\cl.read.1.tlog
d:\unreal\training_bull_cow\bullcowgame_02\bullcowgame\debug\bullcowgame.tlog\cl.write.1.tlog
d:\unreal\training_bull_cow\bullcowgame_02\bullcowgame\debug\bullcowgame.tlog\link-cvtres.read.1.tlog
d:\unreal\training_bull_cow\bullcowgame_02\bullcowgame\debug\bullcowgame.tlog\link-cvtres.write.1.tlog
d:\unreal\training_bull_cow\bullcowgame_02\bullcowgame\debug\bullcowgame.tlog\link-rc.read.1.tlog
d:\unreal\training_bull_cow\bullcowgame_02\bullcowgame\debug\bullcowgame.tlog\link-rc.write.1.tlog
d:\unreal\training_bull_cow\bullcowgame_02\bullcowgame\debug\bullcowgame.tlog\link.command.1.tlog
d:\unreal\training_bull_cow\bullcowgame_02\bullcowgame\debug\bullcowgame.tlog\link.read.1.tlog
d:\unreal\training_bull_cow\bullcowgame_02\bullcowgame\debug\bullcowgame.tlog\link.write.1.tlog
